[2023-06-12 11:54:37:222] INFO   [ltTestContextBootstrapper: 256] Loaded default TestExecutionListener class names from location [META-INF/spring.factories]: [org.springframework.test.context.web.ServletTestExecutionListener, org.springframework.test.context.support.DependencyInjectionTestExecutionListener, org.springframework.test.context.support.DirtiesContextTestExecutionListener, org.springframework.test.context.transaction.TransactionalTestExecutionListener, org.springframework.test.context.jdbc.SqlScriptsTestExecutionListener]
[2023-06-12 11:54:37:261] INFO   [ltTestContextBootstrapper: 182] Using TestExecutionListeners: [org.springframework.test.context.web.ServletTestExecutionListener@68c4039c, org.springframework.test.context.support.DependencyInjectionTestExecutionListener@ae45eb6, org.springframework.test.context.support.DirtiesContextTestExecutionListener@59f99ea, org.springframework.test.context.transaction.TransactionalTestExecutionListener@27efef64, org.springframework.test.context.jdbc.SqlScriptsTestExecutionListener@6f7fd0e6]
[2023-06-12 11:54:37:424] INFO   [XmlBeanDefinitionReader  : 317] Loading XML bean definitions from class path resource [config/spring/spring-configuracion.xml]
[2023-06-12 11:54:37:739] INFO   [XmlBeanDefinitionReader  : 317] Loading XML bean definitions from class path resource [config/spring/spring-data-data-source.xml]
[2023-06-12 11:54:37:767] INFO   [XmlBeanDefinitionReader  : 317] Loading XML bean definitions from class path resource [config/spring/spring-data-dao-service.xml]
[2023-06-12 11:54:40:011] INFO   [GenericApplicationContext: 510] Refreshing org.springframework.context.support.GenericApplicationContext@6e1ec318: startup date [Mon Jun 12 11:54:39 GMT-06:00 2023]; root of context hierarchy
[2023-06-12 11:54:41:390] INFO   [ertyPlaceholderConfigurer: 172] Loading properties file from class path resource [config/siica.properties]
[2023-06-12 11:54:41:812] INFO   [ertyPlaceholderConfigurer: 172] Loading properties file from class path resource [config/siica.properties]
[2023-06-12 11:54:41:819] INFO   [notationBeanPostProcessor: 153] JSR-330 'javax.inject.Inject' annotation found and supported for autowiring
[2023-06-12 11:54:43:734] INFO   [rEntityManagerFactoryBean: 339] Building JPA container EntityManagerFactory for persistence unit 'AAQColServer'
[2023-06-12 11:54:47:154] INFO   [PropertiesFactoryBean    : 172] Loading properties file from class path resource [config/parametros.properties]
[2023-06-12 11:54:50:342] INFO   [ModuloDaoTest            :  60] RESPUESTA: {"exito":true,"mensaje":"Registro Insertado OK"}
[2023-06-12 11:54:50:350] INFO   [GenericApplicationContext: 862] Closing org.springframework.context.support.GenericApplicationContext@6e1ec318: startup date [Mon Jun 12 11:54:39 GMT-06:00 2023]; root of context hierarchy
[2023-06-12 11:54:50:366] INFO   [rEntityManagerFactoryBean: 462] Closing JPA EntityManagerFactory for persistence unit 'AAQColServer'
[2023-06-12 11:55:32:855] INFO   [ltTestContextBootstrapper: 256] Loaded default TestExecutionListener class names from location [META-INF/spring.factories]: [org.springframework.test.context.web.ServletTestExecutionListener, org.springframework.test.context.support.DependencyInjectionTestExecutionListener, org.springframework.test.context.support.DirtiesContextTestExecutionListener, org.springframework.test.context.transaction.TransactionalTestExecutionListener, org.springframework.test.context.jdbc.SqlScriptsTestExecutionListener]
[2023-06-12 11:55:32:864] INFO   [ltTestContextBootstrapper: 182] Using TestExecutionListeners: [org.springframework.test.context.web.ServletTestExecutionListener@68c4039c, org.springframework.test.context.support.DependencyInjectionTestExecutionListener@ae45eb6, org.springframework.test.context.support.DirtiesContextTestExecutionListener@59f99ea, org.springframework.test.context.transaction.TransactionalTestExecutionListener@27efef64, org.springframework.test.context.jdbc.SqlScriptsTestExecutionListener@6f7fd0e6]
[2023-06-12 11:55:32:970] INFO   [XmlBeanDefinitionReader  : 317] Loading XML bean definitions from class path resource [config/spring/spring-configuracion.xml]
[2023-06-12 11:55:33:086] INFO   [XmlBeanDefinitionReader  : 317] Loading XML bean definitions from class path resource [config/spring/spring-data-data-source.xml]
[2023-06-12 11:55:33:117] INFO   [XmlBeanDefinitionReader  : 317] Loading XML bean definitions from class path resource [config/spring/spring-data-dao-service.xml]
[2023-06-12 11:55:34:686] INFO   [GenericApplicationContext: 510] Refreshing org.springframework.context.support.GenericApplicationContext@6e1ec318: startup date [Mon Jun 12 11:55:34 GMT-06:00 2023]; root of context hierarchy
[2023-06-12 11:55:35:938] INFO   [ertyPlaceholderConfigurer: 172] Loading properties file from class path resource [config/siica.properties]
[2023-06-12 11:55:36:216] INFO   [ertyPlaceholderConfigurer: 172] Loading properties file from class path resource [config/siica.properties]
[2023-06-12 11:55:36:216] INFO   [notationBeanPostProcessor: 153] JSR-330 'javax.inject.Inject' annotation found and supported for autowiring
[2023-06-12 11:55:37:980] INFO   [rEntityManagerFactoryBean: 339] Building JPA container EntityManagerFactory for persistence unit 'AAQColServer'
[2023-06-12 11:55:40:855] INFO   [PropertiesFactoryBean    : 172] Loading properties file from class path resource [config/parametros.properties]
[2023-06-12 11:55:43:672] INFO   [ModuloDaoTest            :  60] RESPUESTA: {"exito":true,"mensaje":"Registro Insertado OK"}
[2023-06-12 11:55:43:683] INFO   [GenericApplicationContext: 862] Closing org.springframework.context.support.GenericApplicationContext@6e1ec318: startup date [Mon Jun 12 11:55:34 GMT-06:00 2023]; root of context hierarchy
[2023-06-12 11:55:43:699] INFO   [rEntityManagerFactoryBean: 462] Closing JPA EntityManagerFactory for persistence unit 'AAQColServer'
[2023-06-12 11:56:06:360] INFO   [ltTestContextBootstrapper: 256] Loaded default TestExecutionListener class names from location [META-INF/spring.factories]: [org.springframework.test.context.web.ServletTestExecutionListener, org.springframework.test.context.support.DependencyInjectionTestExecutionListener, org.springframework.test.context.support.DirtiesContextTestExecutionListener, org.springframework.test.context.transaction.TransactionalTestExecutionListener, org.springframework.test.context.jdbc.SqlScriptsTestExecutionListener]
[2023-06-12 11:56:06:379] INFO   [ltTestContextBootstrapper: 182] Using TestExecutionListeners: [org.springframework.test.context.web.ServletTestExecutionListener@ae45eb6, org.springframework.test.context.support.DependencyInjectionTestExecutionListener@59f99ea, org.springframework.test.context.support.DirtiesContextTestExecutionListener@27efef64, org.springframework.test.context.transaction.TransactionalTestExecutionListener@6f7fd0e6, org.springframework.test.context.jdbc.SqlScriptsTestExecutionListener@47c62251]
[2023-06-12 11:56:06:465] INFO   [XmlBeanDefinitionReader  : 317] Loading XML bean definitions from class path resource [config/spring/spring-configuracion.xml]
[2023-06-12 11:56:06:606] INFO   [XmlBeanDefinitionReader  : 317] Loading XML bean definitions from class path resource [config/spring/spring-data-data-source.xml]
[2023-06-12 11:56:06:653] INFO   [XmlBeanDefinitionReader  : 317] Loading XML bean definitions from class path resource [config/spring/spring-data-dao-service.xml]
[2023-06-12 11:56:08:316] INFO   [GenericApplicationContext: 510] Refreshing org.springframework.context.support.GenericApplicationContext@7e0b0338: startup date [Mon Jun 12 11:56:08 GMT-06:00 2023]; root of context hierarchy
[2023-06-12 11:56:09:679] INFO   [ertyPlaceholderConfigurer: 172] Loading properties file from class path resource [config/siica.properties]
[2023-06-12 11:56:09:956] INFO   [ertyPlaceholderConfigurer: 172] Loading properties file from class path resource [config/siica.properties]
[2023-06-12 11:56:09:971] INFO   [notationBeanPostProcessor: 153] JSR-330 'javax.inject.Inject' annotation found and supported for autowiring
[2023-06-12 11:56:11:641] INFO   [rEntityManagerFactoryBean: 339] Building JPA container EntityManagerFactory for persistence unit 'AAQColServer'
[2023-06-12 11:56:14:456] INFO   [PropertiesFactoryBean    : 172] Loading properties file from class path resource [config/parametros.properties]
[2023-06-12 11:56:18:449] INFO   [PerfilDaoTest            :  49] perfil: {"exito":true,"mensaje":"Registro Insertado OK"}
[2023-06-12 11:56:18:454] INFO   [GenericApplicationContext: 862] Closing org.springframework.context.support.GenericApplicationContext@7e0b0338: startup date [Mon Jun 12 11:56:08 GMT-06:00 2023]; root of context hierarchy
[2023-06-12 11:56:18:480] INFO   [rEntityManagerFactoryBean: 462] Closing JPA EntityManagerFactory for persistence unit 'AAQColServer'
[2023-06-12 11:56:31:701] INFO   [ltTestContextBootstrapper: 256] Loaded default TestExecutionListener class names from location [META-INF/spring.factories]: [org.springframework.test.context.web.ServletTestExecutionListener, org.springframework.test.context.support.DependencyInjectionTestExecutionListener, org.springframework.test.context.support.DirtiesContextTestExecutionListener, org.springframework.test.context.transaction.TransactionalTestExecutionListener, org.springframework.test.context.jdbc.SqlScriptsTestExecutionListener]
[2023-06-12 11:56:31:726] INFO   [ltTestContextBootstrapper: 182] Using TestExecutionListeners: [org.springframework.test.context.web.ServletTestExecutionListener@ae45eb6, org.springframework.test.context.support.DependencyInjectionTestExecutionListener@59f99ea, org.springframework.test.context.support.DirtiesContextTestExecutionListener@27efef64, org.springframework.test.context.transaction.TransactionalTestExecutionListener@6f7fd0e6, org.springframework.test.context.jdbc.SqlScriptsTestExecutionListener@47c62251]
[2023-06-12 11:56:31:868] INFO   [XmlBeanDefinitionReader  : 317] Loading XML bean definitions from class path resource [config/spring/spring-configuracion.xml]
[2023-06-12 11:56:32:247] INFO   [XmlBeanDefinitionReader  : 317] Loading XML bean definitions from class path resource [config/spring/spring-data-data-source.xml]
[2023-06-12 11:56:32:278] INFO   [XmlBeanDefinitionReader  : 317] Loading XML bean definitions from class path resource [config/spring/spring-data-dao-service.xml]
[2023-06-12 11:56:34:474] INFO   [GenericApplicationContext: 510] Refreshing org.springframework.context.support.GenericApplicationContext@7e0b0338: startup date [Mon Jun 12 11:56:34 GMT-06:00 2023]; root of context hierarchy
[2023-06-12 11:56:36:269] INFO   [ertyPlaceholderConfigurer: 172] Loading properties file from class path resource [config/siica.properties]
[2023-06-12 11:56:36:627] INFO   [ertyPlaceholderConfigurer: 172] Loading properties file from class path resource [config/siica.properties]
[2023-06-12 11:56:36:636] INFO   [notationBeanPostProcessor: 153] JSR-330 'javax.inject.Inject' annotation found and supported for autowiring
[2023-06-12 11:56:38:771] INFO   [rEntityManagerFactoryBean: 339] Building JPA container EntityManagerFactory for persistence unit 'AAQColServer'
[2023-06-12 11:56:42:574] INFO   [PropertiesFactoryBean    : 172] Loading properties file from class path resource [config/parametros.properties]
[2023-06-12 11:56:46:540] INFO   [PerfilDaoTest            :  49] perfil: {"exito":true,"mensaje":"Registro Insertado OK"}
[2023-06-12 11:56:46:545] INFO   [GenericApplicationContext: 862] Closing org.springframework.context.support.GenericApplicationContext@7e0b0338: startup date [Mon Jun 12 11:56:34 GMT-06:00 2023]; root of context hierarchy
[2023-06-12 11:56:46:571] INFO   [rEntityManagerFactoryBean: 462] Closing JPA EntityManagerFactory for persistence unit 'AAQColServer'
